<?xml version="1.0" encoding="UTF-8"?>
<!-- Generated by org.testng.reporters.JUnitXMLReporter -->
<testsuite hostname="TestingWorld-PC" name="Default test" tests="4" failures="0" timestamp="7 Sep 2017 03:32:42 GMT" time="55.936" errors="0">
  <testcase name="tcase1" time="4.081" classname="org.hcl.testcases.TC_001_Validate_Login_valid_credentials"/>
  <testcase name="tcase1" time="4.016" classname="org.hcl.testcases.TC_001_Validate_Login_valid_credentials"/>
  <testcase name="tcase1" time="3.694" classname="org.hcl.testcases.TC_001_Validate_Login_valid_credentials"/>
  <testcase name="tcase1" time="3.779" classname="org.hcl.testcases.TC_001_Validate_Login_valid_credentials"/>
</testsuite> <!-- Default test -->
