<?xml version="1.0" encoding="UTF-8"?>
<testng-results skipped="0" failed="0" total="4" passed="4">
  <reporter-output>
  </reporter-output>
  <suite name="Default suite" duration-ms="55936" started-at="2017-09-07T03:31:46Z" finished-at="2017-09-07T03:32:42Z">
    <groups>
    </groups>
    <test name="Default test" duration-ms="55936" started-at="2017-09-07T03:31:46Z" finished-at="2017-09-07T03:32:42Z">
      <class name="org.hcl.testcases.TC_001_Validate_Login_valid_credentials">
        <test-method status="PASS" signature="generateDriverObject()[pri:0, instance:org.hcl.testcases.TC_001_Validate_Login_valid_credentials@4c203ea1]" name="generateDriverObject" is-config="true" duration-ms="9706" started-at="2017-09-07T09:01:48Z" finished-at="2017-09-07T09:01:57Z">
          <reporter-output>
          </reporter-output>
        </test-method> <!-- generateDriverObject -->
        <test-method status="PASS" signature="tcase1(java.lang.String, java.lang.String)[pri:0, instance:org.hcl.testcases.TC_001_Validate_Login_valid_credentials@4c203ea1]" name="tcase1" duration-ms="4081" started-at="2017-09-07T09:01:57Z" data-provider="dp1" finished-at="2017-09-07T09:02:01Z">
          <params>
            <param index="0">
              <value>
                <![CDATA[uname1]]>
              </value>
            </param>
            <param index="1">
              <value>
                <![CDATA[pass1]]>
              </value>
            </param>
          </params>
          <reporter-output>
          </reporter-output>
        </test-method> <!-- tcase1 -->
        <test-method status="PASS" signature="closeDriverObject()[pri:0, instance:org.hcl.testcases.TC_001_Validate_Login_valid_credentials@4c203ea1]" name="closeDriverObject" is-config="true" duration-ms="1332" started-at="2017-09-07T09:02:01Z" finished-at="2017-09-07T09:02:03Z">
          <reporter-output>
          </reporter-output>
        </test-method> <!-- closeDriverObject -->
        <test-method status="PASS" signature="generateDriverObject()[pri:0, instance:org.hcl.testcases.TC_001_Validate_Login_valid_credentials@4c203ea1]" name="generateDriverObject" is-config="true" duration-ms="8570" started-at="2017-09-07T09:02:03Z" finished-at="2017-09-07T09:02:11Z">
          <reporter-output>
          </reporter-output>
        </test-method> <!-- generateDriverObject -->
        <test-method status="PASS" signature="tcase1(java.lang.String, java.lang.String)[pri:0, instance:org.hcl.testcases.TC_001_Validate_Login_valid_credentials@4c203ea1]" name="tcase1" duration-ms="4016" started-at="2017-09-07T09:02:11Z" data-provider="dp1" finished-at="2017-09-07T09:02:15Z">
          <params>
            <param index="0">
              <value>
                <![CDATA[uname2]]>
              </value>
            </param>
            <param index="1">
              <value>
                <![CDATA[pass2]]>
              </value>
            </param>
          </params>
          <reporter-output>
          </reporter-output>
        </test-method> <!-- tcase1 -->
        <test-method status="PASS" signature="closeDriverObject()[pri:0, instance:org.hcl.testcases.TC_001_Validate_Login_valid_credentials@4c203ea1]" name="closeDriverObject" is-config="true" duration-ms="1147" started-at="2017-09-07T09:02:15Z" finished-at="2017-09-07T09:02:16Z">
          <reporter-output>
          </reporter-output>
        </test-method> <!-- closeDriverObject -->
        <test-method status="PASS" signature="generateDriverObject()[pri:0, instance:org.hcl.testcases.TC_001_Validate_Login_valid_credentials@4c203ea1]" name="generateDriverObject" is-config="true" duration-ms="7910" started-at="2017-09-07T09:02:16Z" finished-at="2017-09-07T09:02:24Z">
          <reporter-output>
          </reporter-output>
        </test-method> <!-- generateDriverObject -->
        <test-method status="PASS" signature="tcase1(java.lang.String, java.lang.String)[pri:0, instance:org.hcl.testcases.TC_001_Validate_Login_valid_credentials@4c203ea1]" name="tcase1" duration-ms="3694" started-at="2017-09-07T09:02:24Z" data-provider="dp1" finished-at="2017-09-07T09:02:28Z">
          <params>
            <param index="0">
              <value>
                <![CDATA[uname3]]>
              </value>
            </param>
            <param index="1">
              <value>
                <![CDATA[pass3]]>
              </value>
            </param>
          </params>
          <reporter-output>
          </reporter-output>
        </test-method> <!-- tcase1 -->
        <test-method status="PASS" signature="closeDriverObject()[pri:0, instance:org.hcl.testcases.TC_001_Validate_Login_valid_credentials@4c203ea1]" name="closeDriverObject" is-config="true" duration-ms="1252" started-at="2017-09-07T09:02:28Z" finished-at="2017-09-07T09:02:29Z">
          <reporter-output>
          </reporter-output>
        </test-method> <!-- closeDriverObject -->
        <test-method status="PASS" signature="generateDriverObject()[pri:0, instance:org.hcl.testcases.TC_001_Validate_Login_valid_credentials@4c203ea1]" name="generateDriverObject" is-config="true" duration-ms="7339" started-at="2017-09-07T09:02:29Z" finished-at="2017-09-07T09:02:37Z">
          <reporter-output>
          </reporter-output>
        </test-method> <!-- generateDriverObject -->
        <test-method status="PASS" signature="tcase1(java.lang.String, java.lang.String)[pri:0, instance:org.hcl.testcases.TC_001_Validate_Login_valid_credentials@4c203ea1]" name="tcase1" duration-ms="3779" started-at="2017-09-07T09:02:37Z" data-provider="dp1" finished-at="2017-09-07T09:02:40Z">
          <params>
            <param index="0">
              <value>
                <![CDATA[uname4]]>
              </value>
            </param>
            <param index="1">
              <value>
                <![CDATA[pass4]]>
              </value>
            </param>
          </params>
          <reporter-output>
          </reporter-output>
        </test-method> <!-- tcase1 -->
        <test-method status="PASS" signature="closeDriverObject()[pri:0, instance:org.hcl.testcases.TC_001_Validate_Login_valid_credentials@4c203ea1]" name="closeDriverObject" is-config="true" duration-ms="1281" started-at="2017-09-07T09:02:40Z" finished-at="2017-09-07T09:02:42Z">
          <reporter-output>
          </reporter-output>
        </test-method> <!-- closeDriverObject -->
      </class> <!-- org.hcl.testcases.TC_001_Validate_Login_valid_credentials -->
    </test> <!-- Default test -->
  </suite> <!-- Default suite -->
</testng-results>
